Arguments: 
  /usr/local/Cellar/node/14.4.0/bin/node /usr/local/Cellar/yarn/1.22.4/libexec/bin/yarn.js add @types/node bullmq @types/bullmq ioredis @types/ioredis

PATH: 
  /Users/shihab/.cargo/bin:/usr/local/bin:/usr/bin:/bin:/usr/sbin:/sbin:/usr/local/go/bin:/Users/shihab/.cargo/bin

Yarn version: 
  1.22.4

Node version: 
  14.4.0

Platform: 
  darwin x64

Trace: 
  Error: https://registry.yarnpkg.com/@types%2fbullmq: Not found
      at Request.params.callback [as _callback] (/usr/local/Cellar/yarn/1.22.4/libexec/lib/cli.js:66987:18)
      at Request.self.callback (/usr/local/Cellar/yarn/1.22.4/libexec/lib/cli.js:140748:22)
      at Request.emit (events.js:315:20)
      at Request.<anonymous> (/usr/local/Cellar/yarn/1.22.4/libexec/lib/cli.js:141720:10)
      at Request.emit (events.js:315:20)
      at IncomingMessage.<anonymous> (/usr/local/Cellar/yarn/1.22.4/libexec/lib/cli.js:141642:12)
      at Object.onceWrapper (events.js:421:28)
      at IncomingMessage.emit (events.js:327:22)
      at endReadableNT (_stream_readable.js:1224:12)
      at processTicksAndRejections (internal/process/task_queues.js:84:21)

npm manifest: 
  {
    "name": "ts-node-app",
    "version": "1.0.0",
    "main": "index.js",
    "license": "MIT",
    "scripts": {
      "build": "tsc",
      "start": "node dist/index.js",
      "dev": "tsnd --ignore-watch dist --notify src/index.ts",
      "start:tsnode" : "ts-node -r tsconfig-paths/register dist/index.ts"
    },
    "devDependencies": {
      "@types/node": "^14.6.0",
      "@typescript-eslint/eslint-plugin": "^3.10.0",
      "@typescript-eslint/parser": "^3.10.0",
      "eslint": "^7.7.0",
      "typescript": "^4.0.2"
    },
    "dependencies": {
      "@types/winston": "^2.4.4",
      "axios": "^0.20.0",
      "cheerio": "^1.0.0-rc.3",
      "ts-node": "^9.0.0",
      "ts-node-dev": "^1.0.0-pre.60",
      "tsconfig-paths": "^3.9.0",
      "winston": "^3.3.3"
    }
  }

yarn manifest: 
  No manifest

Lockfile: 
  No lockfile
